{
  "RSpec": {
    "coverage": {
      "/home/wadror/weparuby/ratebeer/app/models/rating.rb": [
        1,
        1,
        1,
        null,
        1,
        null,
        1,
        null,
        null,
        1,
        0,
        null,
        null,
        null,
        null
      ],
      "/home/wadror/weparuby/ratebeer/app/helpers/application_helper.rb": [
        1,
        null,
        1,
        0,
        0,
        0,
        0,
        null,
        null,
        0,
        null,
        null,
        null,
        1,
        0,
        null,
        null,
        null,
        null
      ],
      "/home/wadror/weparuby/ratebeer/app/helpers/beer_clubs_helper.rb": [
        1,
        null
      ],
      "/home/wadror/weparuby/ratebeer/app/helpers/beers_helper.rb": [
        1,
        null
      ],
      "/home/wadror/weparuby/ratebeer/app/helpers/breweries_helper.rb": [
        1,
        null
      ],
      "/home/wadror/weparuby/ratebeer/app/helpers/memberships_helper.rb": [
        1,
        null
      ],
      "/home/wadror/weparuby/ratebeer/app/helpers/users_helper.rb": [
        1,
        null
      ]
    },
    "timestamp": 1425286309
  }
}
